Using pre-set license
Built from '2022.1/staging' branch; Version is '2022.1.16f1 (7321c9670bc2) revision 7545289'; Using compiler version '192829333'; Build Type 'Release'
OS: 'Windows 11  (10.0.22000) 64bit CoreSingleLanguage' Language: 'es' Physical Memory: 6030 MB
BatchMode: 1, IsHumanControllingUs: 0, StartBugReporterOnCrash: 0, Is64bit: 1, IsPro: 1

COMMAND LINE ARGUMENTS:
C:\Program Files\Unity\Hub\Editor\2022.1.16f1\Editor\Unity.exe
-adb2
-batchMode
-noUpm
-name
AssetImportWorker2
-projectPath
C:/Users/LA MARINA/OneDrive/Documentos/GitHub/Proyecto_V.2/V.2
-logFile
Logs/AssetImportWorker2.log
-srvPort
54745
Successfully changed project path to: C:/Users/LA MARINA/OneDrive/Documentos/GitHub/Proyecto_V.2/V.2
C:/Users/LA MARINA/OneDrive/Documentos/GitHub/Proyecto_V.2/V.2
[UnityMemory] Configuration Parameters - Can be set up in boot.config
    "memorysetup-bucket-allocator-granularity=16"
    "memorysetup-bucket-allocator-bucket-count=8"
    "memorysetup-bucket-allocator-block-size=33554432"
    "memorysetup-bucket-allocator-block-count=8"
    "memorysetup-main-allocator-block-size=16777216"
    "memorysetup-thread-allocator-block-size=16777216"
    "memorysetup-gfx-main-allocator-block-size=16777216"
    "memorysetup-gfx-thread-allocator-block-size=16777216"
    "memorysetup-cache-allocator-block-size=4194304"
    "memorysetup-typetree-allocator-block-size=2097152"
    "memorysetup-profiler-bucket-allocator-granularity=16"
    "memorysetup-profiler-bucket-allocator-bucket-count=8"
    "memorysetup-profiler-bucket-allocator-block-size=33554432"
    "memorysetup-profiler-bucket-allocator-block-count=8"
    "memorysetup-profiler-allocator-block-size=16777216"
    "memorysetup-profiler-editor-allocator-block-size=1048576"
    "memorysetup-temp-allocator-size-main=16777216"
    "memorysetup-job-temp-allocator-block-size=2097152"
    "memorysetup-job-temp-allocator-block-size-background=1048576"
    "memorysetup-job-temp-allocator-reduction-small-platforms=262144"
    "memorysetup-temp-allocator-size-background-worker=32768"
    "memorysetup-temp-allocator-size-job-worker=262144"
    "memorysetup-temp-allocator-size-preload-manager=33554432"
    "memorysetup-temp-allocator-size-nav-mesh-worker=65536"
    "memorysetup-temp-allocator-size-audio-worker=65536"
    "memorysetup-temp-allocator-size-cloud-worker=32768"
    "memorysetup-temp-allocator-size-gi-baking-worker=262144"
    "memorysetup-temp-allocator-size-gfx=262144"
Refreshing native plugins compatible for Editor in 235.08 ms, found 5 plugins.
Preloading 0 native plugins for Editor in 0.00 ms.
Initialize engine version: 2022.1.16f1 (7321c9670bc2)
[Subsystems] Discovering subsystems at path C:/Program Files/Unity/Hub/Editor/2022.1.16f1/Editor/Data/Resources/UnitySubsystems
[Subsystems] Discovering subsystems at path C:/Users/LA MARINA/OneDrive/Documentos/GitHub/Proyecto_V.2/V.2/Assets
GfxDevice: creating device client; threaded=0; jobified=0
Direct3D:
    Version:  Direct3D 11.0 [level 11.1]
    Renderer: AMD Radeon(TM) Graphics (ID=0x15d8)
    Vendor:   ATI
    VRAM:     3015 MB
    Driver:   27.20.1021.1002
Initialize mono
Mono path[0] = 'C:/Program Files/Unity/Hub/Editor/2022.1.16f1/Editor/Data/Managed'
Mono path[1] = 'C:/Program Files/Unity/Hub/Editor/2022.1.16f1/Editor/Data/MonoBleedingEdge/lib/mono/unityjit-win32'
Mono config path = 'C:/Program Files/Unity/Hub/Editor/2022.1.16f1/Editor/Data/MonoBleedingEdge/etc'
Using monoOptions --debugger-agent=transport=dt_socket,embedding=1,server=y,suspend=n,address=127.0.0.1:56960
Begin MonoManager ReloadAssembly
Registering precompiled unity dll's ...
Register platform support module: C:/Program Files/Unity/Hub/Editor/2022.1.16f1/Editor/Data/PlaybackEngines/WindowsStandaloneSupport/UnityEditor.WindowsStandalone.Extensions.dll
Registered in 0.141756 seconds.
Native extension for WindowsStandalone target not found
Refreshing native plugins compatible for Editor in 135.39 ms, found 5 plugins.
Preloading 0 native plugins for Editor in 0.00 ms.
Mono: successfully reloaded assembly
- Completed reload, in  2.935 seconds
Domain Reload Profiling:
	ReloadAssembly (2937ms)
		BeginReloadAssembly (970ms)
			ExecutionOrderSort (0ms)
			DisableScriptedObjects (0ms)
			BackupInstance (0ms)
			ReleaseScriptingObjects (0ms)
			CreateAndSetChildDomain (3ms)
		EndReloadAssembly (916ms)
			LoadAssemblies (959ms)
			RebuildTransferFunctionScriptingTraits (1ms)
			SetupTypeCache (234ms)
				TypeCache.Initialize (232ms)
					TypeCache.ScanAssembly (229ms)
				ResolveRequiredComponents (1ms)
			ReleaseScriptCaches (0ms)
			RebuildScriptCaches (52ms)
			SetupLoadedEditorAssemblies (507ms)
				LogAssemblyErrors (0ms)
				InitializePlatformSupportModulesInManaged (13ms)
				SetLoadedEditorAssemblies (12ms)
				RefreshPlugins (136ms)
				BeforeProcessingInitializeOnLoad (3ms)
				ProcessInitializeOnLoadAttributes (249ms)
				ProcessInitializeOnLoadMethodAttributes (93ms)
				AfterProcessingInitializeOnLoad (0ms)
				EditorAssembliesLoaded (0ms)
			ExecutionOrderSort2 (0ms)
			AwakeInstancesAfterBackupRestoration (0ms)
Platform modules already initialized, skipping
Registering precompiled user dll's ...
Registered in 0.071524 seconds.
Begin MonoManager ReloadAssembly
Symbol file LoadedFromMemory doesn't match image C:\Users\LA MARINA\OneDrive\Documentos\GitHub\Proyecto_V.2\V.2\Library\PackageCache\com.unity.visualscripting@1.7.8\Editor\VisualScripting.Core\Dependencies\YamlDotNet\Unity.VisualScripting.YamlDotNet.dll
Symbol file LoadedFromMemory doesn't match image C:\Users\LA MARINA\OneDrive\Documentos\GitHub\Proyecto_V.2\V.2\Library\PackageCache\com.unity.visualscripting@1.7.8\Editor\VisualScripting.Core\Dependencies\DotNetZip\Unity.VisualScripting.IonicZip.dll
Native extension for WindowsStandalone target not found
Refreshing native plugins compatible for Editor in 1.36 ms, found 5 plugins.
Preloading 0 native plugins for Editor in 0.00 ms.
Mono: successfully reloaded assembly
- Completed reload, in  2.193 seconds
Domain Reload Profiling:
	ReloadAssembly (2194ms)
		BeginReloadAssembly (217ms)
			ExecutionOrderSort (0ms)
			DisableScriptedObjects (9ms)
			BackupInstance (0ms)
			ReleaseScriptingObjects (0ms)
			CreateAndSetChildDomain (38ms)
		EndReloadAssembly (1760ms)
			LoadAssemblies (235ms)
			RebuildTransferFunctionScriptingTraits (0ms)
			SetupTypeCache (549ms)
				TypeCache.Initialize (541ms)
					TypeCache.ScanAssembly (533ms)
				ResolveRequiredComponents (7ms)
			ReleaseScriptCaches (1ms)
			RebuildScriptCaches (113ms)
			SetupLoadedEditorAssemblies (788ms)
				LogAssemblyErrors (0ms)
				InitializePlatformSupportModulesInManaged (10ms)
				SetLoadedEditorAssemblies (12ms)
				RefreshPlugins (2ms)
				BeforeProcessingInitializeOnLoad (147ms)
				ProcessInitializeOnLoadAttributes (548ms)
				ProcessInitializeOnLoadMethodAttributes (54ms)
				AfterProcessingInitializeOnLoad (15ms)
				EditorAssembliesLoaded (0ms)
			ExecutionOrderSort2 (0ms)
			AwakeInstancesAfterBackupRestoration (10ms)
Platform modules already initialized, skipping
========================================================================
Worker process is ready to serve import requests
Launched and connected shader compiler UnityShaderCompiler.exe after 0.09 seconds
Refreshing native plugins compatible for Editor in 0.99 ms, found 5 plugins.
Preloading 0 native plugins for Editor in 0.00 ms.
Unloading 3470 Unused Serialized files (Serialized files now loaded: 0)
Unloading 43 unused Assets / (61.0 KB). Loaded Objects now: 3975.
Memory consumption went from 0.53 GB to 0.53 GB.
Total: 9.837000 ms (FindLiveObjects: 0.510900 ms CreateObjectMapping: 0.156000 ms MarkObjects: 8.474300 ms  DeleteObjects: 0.693000 ms)

AssetImportParameters requested are different than current active one (requested -> active):
  custom:video-decoder-ogg-theora: a1e56fd34408186e4bbccfd4996cb3dc -> 
  custom:container-muxer-webm: aa71ff27fc2769a1b78a27578f13a17b -> 
  custom:container-demuxer-webm: 4f35f7cbe854078d1ac9338744f61a02 -> 
  custom:video-encoder-webm-vp8: eb34c28f22e8b96e1ab97ce403110664 -> 
  custom:video-codec-MediaFoundation-h265: 746d11721c4dcdbdad8f713fa42b33f4 -> 
  custom:audio-encoder-webm-vorbis: bf7c407c2cedff20999df2af8eb42d56 -> 
  custom:framework-win-MediaFoundation: 216162199b28c13a410421893ffa2e32 -> 
  custom:container-demuxer-ogg: 62fdf1f143b41e24485cea50d1cbac27 -> 
  custom:video-decoder-webm-vp8: 9c59270c3fd7afecdb556c50c9e8de78 -> 
  custom:audio-decoder-ogg-vorbis: bf7c407c2cedff20999df2af8eb42d56 -> 
========================================================================
Received Import Request.
  Time since last request: 36485.848637 seconds.
  path: Assets/Materiales/Obstaculo.physicMaterial
  artifactKey: Guid(1668317c293953341b7f94723e320279) Importer(815301076,1909f56bfc062723c751e8b465ee728b)
Start importing Assets/Materiales/Obstaculo.physicMaterial using Guid(1668317c293953341b7f94723e320279) Importer(815301076,1909f56bfc062723c751e8b465ee728b)  -> (artifact id: 'b75a47f7612d6230e8fc69059a7dd81f') in 0.090865 seconds 
========================================================================
Received Import Request.
  Time since last request: 25.666689 seconds.
  path: Assets/Imagenes
  artifactKey: Guid(2142852af4042834ea5db9ce060d9b66) Importer(815301076,1909f56bfc062723c751e8b465ee728b)
Start importing Assets/Imagenes using Guid(2142852af4042834ea5db9ce060d9b66) Importer(815301076,1909f56bfc062723c751e8b465ee728b)  -> (artifact id: '0147112fbf9e50224f3035c76c2224a3') in 0.009402 seconds 
========================================================================
Received Import Request.
  Time since last request: 22.196835 seconds.
  path: Assets/Imagenes/cyberpunk-Cyberpunk-edgerunners-Cyberpunk-2077-2176121-wallhere.com.jpg
  artifactKey: Guid(9db05d4ade6e6bd4d90c1bbc7e8e2154) Importer(815301076,1909f56bfc062723c751e8b465ee728b)
Start importing Assets/Imagenes/cyberpunk-Cyberpunk-edgerunners-Cyberpunk-2077-2176121-wallhere.com.jpg using Guid(9db05d4ade6e6bd4d90c1bbc7e8e2154) Importer(815301076,1909f56bfc062723c751e8b465ee728b)  -> (artifact id: '2317f7ed05d48cc4f459d8cdc039000e') in 0.195859 seconds 
========================================================================
Received Prepare
Registering precompiled user dll's ...
Registered in 0.028889 seconds.
Begin MonoManager ReloadAssembly
Symbol file LoadedFromMemory doesn't match image C:\Users\LA MARINA\OneDrive\Documentos\GitHub\Proyecto_V.2\V.2\Library\PackageCache\com.unity.visualscripting@1.7.8\Editor\VisualScripting.Core\Dependencies\YamlDotNet\Unity.VisualScripting.YamlDotNet.dll
Symbol file LoadedFromMemory doesn't match image C:\Users\LA MARINA\OneDrive\Documentos\GitHub\Proyecto_V.2\V.2\Library\PackageCache\com.unity.visualscripting@1.7.8\Editor\VisualScripting.Core\Dependencies\DotNetZip\Unity.VisualScripting.IonicZip.dll
Native extension for WindowsStandalone target not found
Refreshing native plugins compatible for Editor in 6.90 ms, found 5 plugins.
Preloading 0 native plugins for Editor in 0.00 ms.
Mono: successfully reloaded assembly
- Completed reload, in  9.690 seconds
Domain Reload Profiling:
	ReloadAssembly (9695ms)
		BeginReloadAssembly (1063ms)
			ExecutionOrderSort (0ms)
			DisableScriptedObjects (52ms)
			BackupInstance (0ms)
			ReleaseScriptingObjects (7ms)
			CreateAndSetChildDomain (438ms)
		EndReloadAssembly (8243ms)
			LoadAssemblies (607ms)
			RebuildTransferFunctionScriptingTraits (9ms)
			SetupTypeCache (2161ms)
				TypeCache.Initialize (2153ms)
					TypeCache.ScanAssembly (1473ms)
				ResolveRequiredComponents (8ms)
			ReleaseScriptCaches (3ms)
			RebuildScriptCaches (136ms)
			SetupLoadedEditorAssemblies (5228ms)
				LogAssemblyErrors (0ms)
				InitializePlatformSupportModulesInManaged (49ms)
				SetLoadedEditorAssemblies (193ms)
				RefreshPlugins (7ms)
				BeforeProcessingInitializeOnLoad (369ms)
				ProcessInitializeOnLoadAttributes (4390ms)
				ProcessInitializeOnLoadMethodAttributes (168ms)
				AfterProcessingInitializeOnLoad (52ms)
				EditorAssembliesLoaded (1ms)
			ExecutionOrderSort2 (1ms)
			AwakeInstancesAfterBackupRestoration (39ms)
Platform modules already initialized, skipping
Refreshing native plugins compatible for Editor in 12.34 ms, found 5 plugins.
Preloading 0 native plugins for Editor in 0.00 ms.
Unloading 3448 Unused Serialized files (Serialized files now loaded: 0)
Unloading 36 unused Assets / (26.9 KB). Loaded Objects now: 3981.
Memory consumption went from 0.53 GB to 0.53 GB.
Total: 23.484900 ms (FindLiveObjects: 0.721900 ms CreateObjectMapping: 0.899500 ms MarkObjects: 21.199800 ms  DeleteObjects: 0.660200 ms)

AssetImportParameters requested are different than current active one (requested -> active):
  custom:video-decoder-ogg-theora: a1e56fd34408186e4bbccfd4996cb3dc -> 
  custom:container-muxer-webm: aa71ff27fc2769a1b78a27578f13a17b -> 
  custom:container-demuxer-webm: 4f35f7cbe854078d1ac9338744f61a02 -> 
  custom:video-encoder-webm-vp8: eb34c28f22e8b96e1ab97ce403110664 -> 
  custom:video-codec-MediaFoundation-h265: 746d11721c4dcdbdad8f713fa42b33f4 -> 
  custom:audio-encoder-webm-vorbis: bf7c407c2cedff20999df2af8eb42d56 -> 
  custom:framework-win-MediaFoundation: 216162199b28c13a410421893ffa2e32 -> 
  custom:container-demuxer-ogg: 62fdf1f143b41e24485cea50d1cbac27 -> 
  custom:video-decoder-webm-vp8: 9c59270c3fd7afecdb556c50c9e8de78 -> 
  custom:audio-decoder-ogg-vorbis: bf7c407c2cedff20999df2af8eb42d56 -> 
========================================================================
Received Import Request.
  Time since last request: 1210.803361 seconds.
  path: Assets/Imagenes/cyberpunk-Cyberpunk-edgerunners-Cyberpunk-2077-2176121-wallhere.com.jpg
  artifactKey: Guid(9db05d4ade6e6bd4d90c1bbc7e8e2154) Importer(815301076,1909f56bfc062723c751e8b465ee728b)
Start importing Assets/Imagenes/cyberpunk-Cyberpunk-edgerunners-Cyberpunk-2077-2176121-wallhere.com.jpg using Guid(9db05d4ade6e6bd4d90c1bbc7e8e2154) Importer(815301076,1909f56bfc062723c751e8b465ee728b)  -> (artifact id: '1f72e5b1e61967831703217b8632f5fe') in 1.152706 seconds 
========================================================================
Received Import Request.
  Time since last request: 14.858539 seconds.
  path: Assets/Imagenes/cyberpunk-Cyberpunk-edgerunners-Cyberpunk-2077-2176121-wallhere.com.jpg
  artifactKey: Guid(9db05d4ade6e6bd4d90c1bbc7e8e2154) Importer(815301076,1909f56bfc062723c751e8b465ee728b)
Start importing Assets/Imagenes/cyberpunk-Cyberpunk-edgerunners-Cyberpunk-2077-2176121-wallhere.com.jpg using Guid(9db05d4ade6e6bd4d90c1bbc7e8e2154) Importer(815301076,1909f56bfc062723c751e8b465ee728b)  -> (artifact id: '73be38a88d7a98a2a8798d53660a740b') in 1.032404 seconds 
========================================================================
Received Prepare
Registering precompiled user dll's ...
Registered in 0.044246 seconds.
Begin MonoManager ReloadAssembly
Symbol file LoadedFromMemory doesn't match image C:\Users\LA MARINA\OneDrive\Documentos\GitHub\Proyecto_V.2\V.2\Library\PackageCache\com.unity.visualscripting@1.7.8\Editor\VisualScripting.Core\Dependencies\YamlDotNet\Unity.VisualScripting.YamlDotNet.dll
Symbol file LoadedFromMemory doesn't match image C:\Users\LA MARINA\OneDrive\Documentos\GitHub\Proyecto_V.2\V.2\Library\PackageCache\com.unity.visualscripting@1.7.8\Editor\VisualScripting.Core\Dependencies\DotNetZip\Unity.VisualScripting.IonicZip.dll
Native extension for WindowsStandalone target not found
Refreshing native plugins compatible for Editor in 2.15 ms, found 5 plugins.
Preloading 0 native plugins for Editor in 0.00 ms.
Mono: successfully reloaded assembly
- Completed reload, in  8.868 seconds
Domain Reload Profiling:
	ReloadAssembly (8880ms)
		BeginReloadAssembly (2958ms)
			ExecutionOrderSort (0ms)
			DisableScriptedObjects (234ms)
			BackupInstance (0ms)
			ReleaseScriptingObjects (0ms)
			CreateAndSetChildDomain (1050ms)
		EndReloadAssembly (4695ms)
			LoadAssemblies (1478ms)
			RebuildTransferFunctionScriptingTraits (1ms)
			SetupTypeCache (1755ms)
				TypeCache.Initialize (1727ms)
					TypeCache.ScanAssembly (1668ms)
				ResolveRequiredComponents (28ms)
			ReleaseScriptCaches (4ms)
			RebuildScriptCaches (201ms)
			SetupLoadedEditorAssemblies (1519ms)
				LogAssemblyErrors (0ms)
				InitializePlatformSupportModulesInManaged (99ms)
				SetLoadedEditorAssemblies (38ms)
				RefreshPlugins (2ms)
				BeforeProcessingInitializeOnLoad (361ms)
				ProcessInitializeOnLoadAttributes (867ms)
				ProcessInitializeOnLoadMethodAttributes (111ms)
				AfterProcessingInitializeOnLoad (40ms)
				EditorAssembliesLoaded (0ms)
			ExecutionOrderSort2 (0ms)
			AwakeInstancesAfterBackupRestoration (23ms)
Platform modules already initialized, skipping
Refreshing native plugins compatible for Editor in 16.77 ms, found 5 plugins.
Preloading 0 native plugins for Editor in 0.00 ms.
Unloading 3448 Unused Serialized files (Serialized files now loaded: 0)
Unloading 36 unused Assets / (27.9 KB). Loaded Objects now: 3989.
Memory consumption went from 0.53 GB to 0.53 GB.
Total: 21.808200 ms (FindLiveObjects: 1.779700 ms CreateObjectMapping: 1.708900 ms MarkObjects: 18.095500 ms  DeleteObjects: 0.207600 ms)

AssetImportParameters requested are different than current active one (requested -> active):
  custom:video-decoder-ogg-theora: a1e56fd34408186e4bbccfd4996cb3dc -> 
  custom:container-muxer-webm: aa71ff27fc2769a1b78a27578f13a17b -> 
  custom:container-demuxer-webm: 4f35f7cbe854078d1ac9338744f61a02 -> 
  custom:video-encoder-webm-vp8: eb34c28f22e8b96e1ab97ce403110664 -> 
  custom:video-codec-MediaFoundation-h265: 746d11721c4dcdbdad8f713fa42b33f4 -> 
  custom:audio-encoder-webm-vorbis: bf7c407c2cedff20999df2af8eb42d56 -> 
  custom:framework-win-MediaFoundation: 216162199b28c13a410421893ffa2e32 -> 
  custom:container-demuxer-ogg: 62fdf1f143b41e24485cea50d1cbac27 -> 
  custom:video-decoder-webm-vp8: 9c59270c3fd7afecdb556c50c9e8de78 -> 
  custom:audio-decoder-ogg-vorbis: bf7c407c2cedff20999df2af8eb42d56 -> 
========================================================================
Received Import Request.
  Time since last request: 136.627461 seconds.
  path: Assets/Imagenes/cyberpunk-Cyberpunk-edgerunners-Cyberpunk-2077-2176121-wallhere.com.jpg
  artifactKey: Guid(9db05d4ade6e6bd4d90c1bbc7e8e2154) Importer(815301076,1909f56bfc062723c751e8b465ee728b)
Start importing Assets/Imagenes/cyberpunk-Cyberpunk-edgerunners-Cyberpunk-2077-2176121-wallhere.com.jpg using Guid(9db05d4ade6e6bd4d90c1bbc7e8e2154) Importer(815301076,1909f56bfc062723c751e8b465ee728b)  -> (artifact id: '6ac3ea8785e70bf72ef9bae0bc80e243') in 0.891566 seconds 
========================================================================
Received Import Request.
  Time since last request: 194.446404 seconds.
  path: Assets/Imagenes/landscape-pixel-art-rainforest-wallpaper-preview.jpg
  artifactKey: Guid(7c1ac2f9e7d01194294ddc572c306fb2) Importer(815301076,1909f56bfc062723c751e8b465ee728b)
Start importing Assets/Imagenes/landscape-pixel-art-rainforest-wallpaper-preview.jpg using Guid(7c1ac2f9e7d01194294ddc572c306fb2) Importer(815301076,1909f56bfc062723c751e8b465ee728b)  -> (artifact id: 'c6b512c4526d303a40ff2c75cba862df') in 0.051976 seconds 
========================================================================
Received Import Request.
  Time since last request: 35.285314 seconds.
  path: Assets/Imagenes/landscape-pixel-art-rainforest-wallpaper-preview.jpg
  artifactKey: Guid(7c1ac2f9e7d01194294ddc572c306fb2) Importer(815301076,1909f56bfc062723c751e8b465ee728b)
Start importing Assets/Imagenes/landscape-pixel-art-rainforest-wallpaper-preview.jpg using Guid(7c1ac2f9e7d01194294ddc572c306fb2) Importer(815301076,1909f56bfc062723c751e8b465ee728b)  -> (artifact id: 'b6649ebcdb8095d16d746f3adaa5ae41') in 0.046992 seconds 
========================================================================
Received Import Request.
  Time since last request: 19.334280 seconds.
  path: Assets/Imagenes/landscape-pixel-art-rainforest-wallpaper-preview.jpg
  artifactKey: Guid(7c1ac2f9e7d01194294ddc572c306fb2) Importer(815301076,1909f56bfc062723c751e8b465ee728b)
Start importing Assets/Imagenes/landscape-pixel-art-rainforest-wallpaper-preview.jpg using Guid(7c1ac2f9e7d01194294ddc572c306fb2) Importer(815301076,1909f56bfc062723c751e8b465ee728b)  -> (artifact id: '485cbc0980607a5959810f1161261d8c') in 0.114776 seconds 
========================================================================
Received Import Request.
  Time since last request: 1068.384695 seconds.
  path: Assets/Imagenes/The Deliver.otf
  artifactKey: Guid(b702b8f829d95e249b0b39a774d3afef) Importer(815301076,1909f56bfc062723c751e8b465ee728b)
Start importing Assets/Imagenes/The Deliver.otf using Guid(b702b8f829d95e249b0b39a774d3afef) Importer(815301076,1909f56bfc062723c751e8b465ee728b)  -> (artifact id: '440a8caffac52065cc3ecb52c93fd824') in 1.424848 seconds 
========================================================================
Received Import Request.
  Time since last request: 309.819168 seconds.
  path: Assets/Imagenes/The Deliver SDF.asset
  artifactKey: Guid(e7939a6e08e861e47916c98faac28bc4) Importer(815301076,1909f56bfc062723c751e8b465ee728b)
Start importing Assets/Imagenes/The Deliver SDF.asset using Guid(e7939a6e08e861e47916c98faac28bc4) Importer(815301076,1909f56bfc062723c751e8b465ee728b)  -> (artifact id: '162407442e0a797059767ba8507e4c8e') in 0.635299 seconds 
========================================================================
Received Import Request.
  Time since last request: 876.536161 seconds.
  path: Assets/Imagenes/Imagenes
  artifactKey: Guid(04559e02241fcbb489750ece3c468f0c) Importer(815301076,1909f56bfc062723c751e8b465ee728b)
Start importing Assets/Imagenes/Imagenes using Guid(04559e02241fcbb489750ece3c468f0c) Importer(815301076,1909f56bfc062723c751e8b465ee728b)  -> (artifact id: 'b55995c114bd9bf7a5d0612bde823739') in 0.035658 seconds 
========================================================================
Received Import Request.
  Time since last request: 9.944956 seconds.
  path: Assets/Imagenes/Fuentes
  artifactKey: Guid(cd436329b394ff14cbbf0967a98358b9) Importer(815301076,1909f56bfc062723c751e8b465ee728b)
Start importing Assets/Imagenes/Fuentes using Guid(cd436329b394ff14cbbf0967a98358b9) Importer(815301076,1909f56bfc062723c751e8b465ee728b)  -> (artifact id: '38cbaeb3a7d77471aeb04738db29a443') in 0.010323 seconds 
========================================================================
Received Import Request.
  Time since last request: 18.116204 seconds.
  path: Assets/Imagenes/Imagenes/14718.png
  artifactKey: Guid(99535a9bba297524e86df7c32eb7c809) Importer(815301076,1909f56bfc062723c751e8b465ee728b)
Start importing Assets/Imagenes/Imagenes/14718.png using Guid(99535a9bba297524e86df7c32eb7c809) Importer(815301076,1909f56bfc062723c751e8b465ee728b)  -> (artifact id: '8f446a152a93162ca90056560f72123e') in 0.187431 seconds 
========================================================================
Received Import Request.
  Time since last request: 29.667504 seconds.
  path: Assets/Imagenes/Imagenes/14718.png
  artifactKey: Guid(99535a9bba297524e86df7c32eb7c809) Importer(815301076,1909f56bfc062723c751e8b465ee728b)
Start importing Assets/Imagenes/Imagenes/14718.png using Guid(99535a9bba297524e86df7c32eb7c809) Importer(815301076,1909f56bfc062723c751e8b465ee728b)  -> (artifact id: '3f5261ce51be447d8684946cb95adc9e') in 0.127055 seconds 
========================================================================
Received Import Request.
  Time since last request: 33.317355 seconds.
  path: Assets/Imagenes/Imagenes/14718.png
  artifactKey: Guid(99535a9bba297524e86df7c32eb7c809) Importer(815301076,1909f56bfc062723c751e8b465ee728b)
Start importing Assets/Imagenes/Imagenes/14718.png using Guid(99535a9bba297524e86df7c32eb7c809) Importer(815301076,1909f56bfc062723c751e8b465ee728b)  -> (artifact id: '5af14825ab0cff8f7e63d84b4c467638') in 0.205336 seconds 
========================================================================
Received Prepare
Registering precompiled user dll's ...
Registered in 0.076843 seconds.
Begin MonoManager ReloadAssembly
Symbol file LoadedFromMemory doesn't match image C:\Users\LA MARINA\OneDrive\Documentos\GitHub\Proyecto_V.2\V.2\Library\PackageCache\com.unity.visualscripting@1.7.8\Editor\VisualScripting.Core\Dependencies\YamlDotNet\Unity.VisualScripting.YamlDotNet.dll
Symbol file LoadedFromMemory doesn't match image C:\Users\LA MARINA\OneDrive\Documentos\GitHub\Proyecto_V.2\V.2\Library\PackageCache\com.unity.visualscripting@1.7.8\Editor\VisualScripting.Core\Dependencies\DotNetZip\Unity.VisualScripting.IonicZip.dll
Native extension for WindowsStandalone target not found
Refreshing native plugins compatible for Editor in 5.82 ms, found 5 plugins.
Preloading 0 native plugins for Editor in 0.00 ms.
Mono: successfully reloaded assembly
- Completed reload, in 20.776 seconds
Domain Reload Profiling:
	ReloadAssembly (20814ms)
		BeginReloadAssembly (8848ms)
			ExecutionOrderSort (0ms)
			DisableScriptedObjects (263ms)
			BackupInstance (0ms)
			ReleaseScriptingObjects (2ms)
			CreateAndSetChildDomain (5388ms)
		EndReloadAssembly (9851ms)
			LoadAssemblies (3808ms)
			RebuildTransferFunctionScriptingTraits (7ms)
			SetupTypeCache (2569ms)
				TypeCache.Initialize (2520ms)
					TypeCache.ScanAssembly (2429ms)
				ResolveRequiredComponents (49ms)
			ReleaseScriptCaches (20ms)
			RebuildScriptCaches (365ms)
			SetupLoadedEditorAssemblies (3245ms)
				LogAssemblyErrors (0ms)
				InitializePlatformSupportModulesInManaged (276ms)
				SetLoadedEditorAssemblies (147ms)
				RefreshPlugins (6ms)
				BeforeProcessingInitializeOnLoad (505ms)
				ProcessInitializeOnLoadAttributes (1996ms)
				ProcessInitializeOnLoadMethodAttributes (276ms)
				AfterProcessingInitializeOnLoad (38ms)
				EditorAssembliesLoaded (1ms)
			ExecutionOrderSort2 (0ms)
			AwakeInstancesAfterBackupRestoration (31ms)
Platform modules already initialized, skipping
Refreshing native plugins compatible for Editor in 14.24 ms, found 5 plugins.
Preloading 0 native plugins for Editor in 0.00 ms.
Unloading 3448 Unused Serialized files (Serialized files now loaded: 0)
Unloading 36 unused Assets / (28.0 KB). Loaded Objects now: 4040.
Memory consumption went from 0.54 GB to 0.54 GB.
Total: 26.976400 ms (FindLiveObjects: 0.684500 ms CreateObjectMapping: 1.209800 ms MarkObjects: 24.926900 ms  DeleteObjects: 0.150400 ms)

AssetImportParameters requested are different than current active one (requested -> active):
  custom:video-decoder-ogg-theora: a1e56fd34408186e4bbccfd4996cb3dc -> 
  custom:container-muxer-webm: aa71ff27fc2769a1b78a27578f13a17b -> 
  custom:container-demuxer-webm: 4f35f7cbe854078d1ac9338744f61a02 -> 
  custom:video-encoder-webm-vp8: eb34c28f22e8b96e1ab97ce403110664 -> 
  custom:video-codec-MediaFoundation-h265: 746d11721c4dcdbdad8f713fa42b33f4 -> 
  custom:audio-encoder-webm-vorbis: bf7c407c2cedff20999df2af8eb42d56 -> 
  custom:framework-win-MediaFoundation: 216162199b28c13a410421893ffa2e32 -> 
  custom:container-demuxer-ogg: 62fdf1f143b41e24485cea50d1cbac27 -> 
  custom:video-decoder-webm-vp8: 9c59270c3fd7afecdb556c50c9e8de78 -> 
  custom:audio-decoder-ogg-vorbis: bf7c407c2cedff20999df2af8eb42d56 -> 
========================================================================
Received Prepare
Registering precompiled user dll's ...
Registered in 0.096397 seconds.
Begin MonoManager ReloadAssembly
Symbol file LoadedFromMemory doesn't match image C:\Users\LA MARINA\OneDrive\Documentos\GitHub\Proyecto_V.2\V.2\Library\PackageCache\com.unity.visualscripting@1.7.8\Editor\VisualScripting.Core\Dependencies\YamlDotNet\Unity.VisualScripting.YamlDotNet.dll
Symbol file LoadedFromMemory doesn't match image C:\Users\LA MARINA\OneDrive\Documentos\GitHub\Proyecto_V.2\V.2\Library\PackageCache\com.unity.visualscripting@1.7.8\Editor\VisualScripting.Core\Dependencies\DotNetZip\Unity.VisualScripting.IonicZip.dll
Native extension for WindowsStandalone target not found
Refreshing native plugins compatible for Editor in 3.31 ms, found 5 plugins.
Preloading 0 native plugins for Editor in 0.00 ms.
Mono: successfully reloaded assembly
- Completed reload, in 31.845 seconds
Domain Reload Profiling:
	ReloadAssembly (31849ms)
		BeginReloadAssembly (3402ms)
			ExecutionOrderSort (0ms)
			DisableScriptedObjects (141ms)
			BackupInstance (0ms)
			ReleaseScriptingObjects (1ms)
			CreateAndSetChildDomain (1190ms)
		EndReloadAssembly (23768ms)
			LoadAssemblies (1966ms)
			RebuildTransferFunctionScriptingTraits (0ms)
			SetupTypeCache (13236ms)
				TypeCache.Initialize (13149ms)
					TypeCache.ScanAssembly (13069ms)
				ResolveRequiredComponents (87ms)
			ReleaseScriptCaches (56ms)
			RebuildScriptCaches (248ms)
			SetupLoadedEditorAssemblies (7739ms)
				LogAssemblyErrors (0ms)
				InitializePlatformSupportModulesInManaged (209ms)
				SetLoadedEditorAssemblies (62ms)
				RefreshPlugins (4ms)
				BeforeProcessingInitializeOnLoad (528ms)
				ProcessInitializeOnLoadAttributes (6554ms)
				ProcessInitializeOnLoadMethodAttributes (278ms)
				AfterProcessingInitializeOnLoad (100ms)
				EditorAssembliesLoaded (4ms)
			ExecutionOrderSort2 (0ms)
			AwakeInstancesAfterBackupRestoration (25ms)
Platform modules already initialized, skipping
Refreshing native plugins compatible for Editor in 12.78 ms, found 5 plugins.
Preloading 0 native plugins for Editor in 0.00 ms.
Unloading 3449 Unused Serialized files (Serialized files now loaded: 0)
Unloading 36 unused Assets / (35.0 KB). Loaded Objects now: 4043.
Memory consumption went from 0.54 GB to 0.54 GB.
Total: 8.856400 ms (FindLiveObjects: 1.436000 ms CreateObjectMapping: 0.683400 ms MarkObjects: 6.645700 ms  DeleteObjects: 0.089400 ms)

AssetImportParameters requested are different than current active one (requested -> active):
  custom:video-decoder-ogg-theora: a1e56fd34408186e4bbccfd4996cb3dc -> 
  custom:container-muxer-webm: aa71ff27fc2769a1b78a27578f13a17b -> 
  custom:container-demuxer-webm: 4f35f7cbe854078d1ac9338744f61a02 -> 
  custom:video-encoder-webm-vp8: eb34c28f22e8b96e1ab97ce403110664 -> 
  custom:video-codec-MediaFoundation-h265: 746d11721c4dcdbdad8f713fa42b33f4 -> 
  custom:audio-encoder-webm-vorbis: bf7c407c2cedff20999df2af8eb42d56 -> 
  custom:framework-win-MediaFoundation: 216162199b28c13a410421893ffa2e32 -> 
  custom:container-demuxer-ogg: 62fdf1f143b41e24485cea50d1cbac27 -> 
  custom:video-decoder-webm-vp8: 9c59270c3fd7afecdb556c50c9e8de78 -> 
  custom:audio-decoder-ogg-vorbis: bf7c407c2cedff20999df2af8eb42d56 -> 
========================================================================
Received Prepare
Registering precompiled user dll's ...
Registered in 0.050139 seconds.
Begin MonoManager ReloadAssembly
Symbol file LoadedFromMemory doesn't match image C:\Users\LA MARINA\OneDrive\Documentos\GitHub\Proyecto_V.2\V.2\Library\PackageCache\com.unity.visualscripting@1.7.8\Editor\VisualScripting.Core\Dependencies\YamlDotNet\Unity.VisualScripting.YamlDotNet.dll
Symbol file LoadedFromMemory doesn't match image C:\Users\LA MARINA\OneDrive\Documentos\GitHub\Proyecto_V.2\V.2\Library\PackageCache\com.unity.visualscripting@1.7.8\Editor\VisualScripting.Core\Dependencies\DotNetZip\Unity.VisualScripting.IonicZip.dll
Native extension for WindowsStandalone target not found
Refreshing native plugins compatible for Editor in 12.72 ms, found 5 plugins.
Preloading 0 native plugins for Editor in 0.00 ms.
Mono: successfully reloaded assembly
- Completed reload, in 39.703 seconds
Domain Reload Profiling:
	ReloadAssembly (39723ms)
		BeginReloadAssembly (14256ms)
			ExecutionOrderSort (1ms)
			DisableScriptedObjects (361ms)
			BackupInstance (0ms)
			ReleaseScriptingObjects (1ms)
			CreateAndSetChildDomain (6890ms)
		EndReloadAssembly (20695ms)
			LoadAssemblies (6615ms)
			RebuildTransferFunctionScriptingTraits (13ms)
			SetupTypeCache (7991ms)
				TypeCache.Initialize (7968ms)
					TypeCache.ScanAssembly (7783ms)
				ResolveRequiredComponents (23ms)
			ReleaseScriptCaches (35ms)
			RebuildScriptCaches (519ms)
			SetupLoadedEditorAssemblies (7932ms)
				LogAssemblyErrors (0ms)
				InitializePlatformSupportModulesInManaged (1083ms)
				SetLoadedEditorAssemblies (790ms)
				RefreshPlugins (13ms)
				BeforeProcessingInitializeOnLoad (1033ms)
				ProcessInitializeOnLoadAttributes (4789ms)
				ProcessInitializeOnLoadMethodAttributes (147ms)
				AfterProcessingInitializeOnLoad (76ms)
				EditorAssembliesLoaded (1ms)
			ExecutionOrderSort2 (0ms)
			AwakeInstancesAfterBackupRestoration (31ms)
Platform modules already initialized, skipping
Refreshing native plugins compatible for Editor in 146.40 ms, found 5 plugins.
Preloading 0 native plugins for Editor in 0.00 ms.
Unloading 3449 Unused Serialized files (Serialized files now loaded: 0)
Unloading 36 unused Assets / (35.1 KB). Loaded Objects now: 4046.
Memory consumption went from 0.54 GB to 0.54 GB.
Total: 153.860900 ms (FindLiveObjects: 5.706900 ms CreateObjectMapping: 7.585600 ms MarkObjects: 140.115000 ms  DeleteObjects: 0.447800 ms)

AssetImportParameters requested are different than current active one (requested -> active):
  custom:video-decoder-ogg-theora: a1e56fd34408186e4bbccfd4996cb3dc -> 
  custom:container-muxer-webm: aa71ff27fc2769a1b78a27578f13a17b -> 
  custom:container-demuxer-webm: 4f35f7cbe854078d1ac9338744f61a02 -> 
  custom:video-encoder-webm-vp8: eb34c28f22e8b96e1ab97ce403110664 -> 
  custom:video-codec-MediaFoundation-h265: 746d11721c4dcdbdad8f713fa42b33f4 -> 
  custom:audio-encoder-webm-vorbis: bf7c407c2cedff20999df2af8eb42d56 -> 
  custom:framework-win-MediaFoundation: 216162199b28c13a410421893ffa2e32 -> 
  custom:container-demuxer-ogg: 62fdf1f143b41e24485cea50d1cbac27 -> 
  custom:video-decoder-webm-vp8: 9c59270c3fd7afecdb556c50c9e8de78 -> 
  custom:audio-decoder-ogg-vorbis: bf7c407c2cedff20999df2af8eb42d56 -> 
